0 info it worked if it ends with ok
1 verbose cli [ 'C:\\Program Files\\nodejs\\node.exe',
1 verbose cli   'C:\\Program Files\\nodejs\\node_modules\\npm\\bin\\npm-cli.js',
1 verbose cli   'run',
1 verbose cli   'gulp',
1 verbose cli   'deploy' ]
2 info using npm@3.10.8
3 info using node@v6.9.1
4 verbose run-script [ 'pregulp', 'gulp', 'postgulp' ]
5 info lifecycle react-search-and-sort@1.0.0~pregulp: react-search-and-sort@1.0.0
6 silly lifecycle react-search-and-sort@1.0.0~pregulp: no script for pregulp, continuing
7 info lifecycle react-search-and-sort@1.0.0~gulp: react-search-and-sort@1.0.0
8 verbose lifecycle react-search-and-sort@1.0.0~gulp: unsafe-perm in lifecycle true
9 verbose lifecycle react-search-and-sort@1.0.0~gulp: PATH: C:\Program Files\nodejs\node_modules\npm\bin\node-gyp-bin;E:\progr\JavaScript\MyProjects\ReactChallenge\node_modules\.bin;C:\Program Files (x86)\cmder\bin;C:\Program Files (x86)\cmder\vendor\git-for-windows\cmd;C:\Program Files (x86)\cmder\vendor\conemu-maximus5\ConEmu\Scripts;C:\Program Files (x86)\cmder\vendor\conemu-maximus5;C:\Program Files (x86)\cmder\vendor\conemu-maximus5\ConEmu;C:\ProgramData\Oracle\Java\javapath;C:\Windows\system32;C:\Windows;C:\Windows\System32\Wbem;C:\Windows\System32\WindowsPowerShell\v1.0\;C:\Program Files (x86)\NVIDIA Corporation\PhysX\Common;C:\Windows\system32\config\systemprofile\.dnx\bin;C:\Program Files\Microsoft DNX\Dnvm\;C:\Program Files\Microsoft SQL Server\130\Tools\Binn\;C:\Program Files (x86)\Windows Kits\8.1\Windows Performance Toolkit\;C:\Program Files (x86)\Smart Projects\IsoBuster;C:\Program Files\Common Files\Autodesk Shared\;C:\Program Files (x86)\TaoFramework\bin;C:\Program Files (x86)\TaoFramework\lib;C:\Program Files\nodejs\;C:\Program Files (x86)\Skype\Phone\;C:\oraclexe\app\oracle\instantclient;C:\Program Files (x86)\TaoFramework\lib; C:\Program Files (x86)\TaoFramework\bin   ;C:\Users\Dvalian\AppData\Local\atom\bin;C:\Users\Dvalian\AppData\Roaming\npm;E:\progr\MongoDB\bin;C:\Program Files\python\python.exe;C:\Program Files (x86)\cmder\vendor\git-for-windows\usr\bin;C:\Program Files (x86)\cmder\vendor\git-for-windows\usr\share\vim\vim74;C:\Program Files (x86)\cmder\
10 verbose lifecycle react-search-and-sort@1.0.0~gulp: CWD: E:\progr\JavaScript\MyProjects\ReactChallenge
11 silly lifecycle react-search-and-sort@1.0.0~gulp: Args: [ '/d /s /c', 'gulp "deploy"' ]
12 silly lifecycle react-search-and-sort@1.0.0~gulp: Returned: code: 1  signal: null
13 info lifecycle react-search-and-sort@1.0.0~gulp: Failed to exec gulp script
14 verbose stack Error: react-search-and-sort@1.0.0 gulp: `gulp "deploy"`
14 verbose stack Exit status 1
14 verbose stack     at EventEmitter.<anonymous> (C:\Program Files\nodejs\node_modules\npm\lib\utils\lifecycle.js:255:16)
14 verbose stack     at emitTwo (events.js:106:13)
14 verbose stack     at EventEmitter.emit (events.js:191:7)
14 verbose stack     at ChildProcess.<anonymous> (C:\Program Files\nodejs\node_modules\npm\lib\utils\spawn.js:40:14)
14 verbose stack     at emitTwo (events.js:106:13)
14 verbose stack     at ChildProcess.emit (events.js:191:7)
14 verbose stack     at maybeClose (internal/child_process.js:877:16)
14 verbose stack     at Process.ChildProcess._handle.onexit (internal/child_process.js:226:5)
15 verbose pkgid react-search-and-sort@1.0.0
16 verbose cwd E:\progr\JavaScript\MyProjects\ReactChallenge
17 error Windows_NT 6.1.7601
18 error argv "C:\\Program Files\\nodejs\\node.exe" "C:\\Program Files\\nodejs\\node_modules\\npm\\bin\\npm-cli.js" "run" "gulp" "deploy"
19 error node v6.9.1
20 error npm  v3.10.8
21 error code ELIFECYCLE
22 error react-search-and-sort@1.0.0 gulp: `gulp "deploy"`
22 error Exit status 1
23 error Failed at the react-search-and-sort@1.0.0 gulp script 'gulp "deploy"'.
23 error Make sure you have the latest version of node.js and npm installed.
23 error If you do, this is most likely a problem with the react-search-and-sort package,
23 error not with npm itself.
23 error Tell the author that this fails on your system:
23 error     gulp "deploy"
23 error You can get information on how to open an issue for this project with:
23 error     npm bugs react-search-and-sort
23 error Or if that isn't available, you can get their info via:
23 error     npm owner ls react-search-and-sort
23 error There is likely additional logging output above.
24 verbose exit [ 1, true ]
